<?xml version="1.0" encoding="UTF-8"?>
<!-- Generated by org.testng.reporters.JUnitReportReporter -->
<testsuite hostname="Kavya" failures="0" tests="1" name="UITesting.TestUI4" time="51.730" errors="0" timestamp="2023-06-18T19:28:14 IST" skipped="0">
  <testcase classname="UITesting.TestUI4" name="test" time="51.730"/>
  <system-out/>
</testsuite> <!-- UITesting.TestUI4 -->
