<?xml version="1.0" encoding="UTF-8"?>
<!-- Generated by org.testng.reporters.JUnitReportReporter -->
<testsuite hostname="Kavya" failures="0" tests="1" name="FunctionalTestingCase.MachineTest_Test02" time="7.804" errors="0" timestamp="2023-06-18T19:20:48 IST" skipped="0">
  <testcase classname="FunctionalTestingCase.MachineTest_Test02" name="Order" time="7.804"/>
  <system-out/>
</testsuite> <!-- FunctionalTestingCase.MachineTest_Test02 -->
