<?xml version="1.0" encoding="UTF-8"?>
<!-- Generated by org.testng.reporters.JUnitReportReporter -->
<testsuite hostname="Kavya" failures="0" tests="1" name="UITesting.TestUI5" time="36.409" errors="0" timestamp="2023-06-18T19:29:07 IST" skipped="0">
  <testcase classname="UITesting.TestUI5" name="test" time="36.409"/>
  <system-out/>
</testsuite> <!-- UITesting.TestUI5 -->
