<?xml version="1.0" encoding="UTF-8"?>
<!-- Generated by org.testng.reporters.JUnitReportReporter -->
<testsuite hostname="Kavya" failures="0" tests="1" name="UITesting.TestUI3" time="52.571" errors="0" timestamp="2023-06-18T19:26:20 IST" skipped="0">
  <testcase classname="UITesting.TestUI3" name="test" time="52.571"/>
  <system-out/>
</testsuite> <!-- UITesting.TestUI3 -->
