<?xml version="1.0" encoding="UTF-8"?>
<!-- Generated by org.testng.reporters.JUnitReportReporter -->
<testsuite hostname="Kavya" failures="0" tests="1" name="UITesting.TestUI2" time="36.775" errors="0" timestamp="2023-06-18T19:24:44 IST" skipped="0">
  <testcase classname="UITesting.TestUI2" name="test" time="36.775"/>
  <system-out/>
</testsuite> <!-- UITesting.TestUI2 -->
