<?xml version="1.0" encoding="UTF-8"?>
<!-- Generated by org.testng.reporters.JUnitReportReporter -->
<testsuite hostname="Kavya" failures="0" tests="1" name="UITesting.TestUI1" time="43.995" errors="0" timestamp="2023-06-18T19:22:54 IST" skipped="0">
  <testcase classname="UITesting.TestUI1" name="test" time="43.995"/>
  <system-out/>
</testsuite> <!-- UITesting.TestUI1 -->
